CRITICAL - 2022-04-15 11:11:21 --> Invalid file: C:\wamp64\www\projectCodeingniter4\app\Config/../Views\templeates\pagina1.php
#0 C:\wamp64\www\projectCodeingniter4\system\View\Parser.php(112): CodeIgniter\Exceptions\FrameworkException::forInvalidFile('C:\\wamp64\\www\\p...')
#1 C:\wamp64\www\projectCodeingniter4\app\Controllers\Main.php(15): CodeIgniter\View\Parser->render('templeates\\pagi...')
#2 C:\wamp64\www\projectCodeingniter4\system\CodeIgniter.php(832): App\Controllers\Main->index()
#3 C:\wamp64\www\projectCodeingniter4\system\CodeIgniter.php(419): CodeIgniter\CodeIgniter->runController(Object(App\Controllers\Main))
#4 C:\wamp64\www\projectCodeingniter4\system\CodeIgniter.php(326): CodeIgniter\CodeIgniter->handleRequest(NULL, Object(Config\Cache), false)
#5 C:\wamp64\www\projectCodeingniter4\public\index.php(37): CodeIgniter\CodeIgniter->run()
#6 {main}
CRITICAL - 2022-04-15 11:49:01 --> Invalid file: C:\wamp64\www\projectCodeingniter4\app\Config/../Views\pagina1.php
#0 C:\wamp64\www\projectCodeingniter4\system\View\Parser.php(112): CodeIgniter\Exceptions\FrameworkException::forInvalidFile('C:\\wamp64\\www\\p...')
#1 C:\wamp64\www\projectCodeingniter4\app\Controllers\Main.php(15): CodeIgniter\View\Parser->render('pagina1.php')
#2 C:\wamp64\www\projectCodeingniter4\system\CodeIgniter.php(832): App\Controllers\Main->index()
#3 C:\wamp64\www\projectCodeingniter4\system\CodeIgniter.php(419): CodeIgniter\CodeIgniter->runController(Object(App\Controllers\Main))
#4 C:\wamp64\www\projectCodeingniter4\system\CodeIgniter.php(326): CodeIgniter\CodeIgniter->handleRequest(NULL, Object(Config\Cache), false)
#5 C:\wamp64\www\projectCodeingniter4\public\index.php(37): CodeIgniter\CodeIgniter->run()
#6 {main}
ERROR - 2022-04-15 13:07:26 --> You have an error in your SQL syntax; check the manual that corresponds to your MySQL server version for the right syntax to use near 'FORM events' at line 1
CRITICAL - 2022-04-15 13:07:26 --> You have an error in your SQL syntax; check the manual that corresponds to your MySQL server version for the right syntax to use near 'FORM events' at line 1
#0 C:\wamp64\www\projectCodeingniter4\system\Database\MySQLi\Connection.php(292): mysqli->query('SELECT * FORM e...', 0)
#1 C:\wamp64\www\projectCodeingniter4\system\Database\BaseConnection.php(670): CodeIgniter\Database\MySQLi\Connection->execute('SELECT * FORM e...')
#2 C:\wamp64\www\projectCodeingniter4\system\Database\BaseConnection.php(598): CodeIgniter\Database\BaseConnection->simpleQuery('SELECT * FORM e...')
#3 C:\wamp64\www\projectCodeingniter4\app\Controllers\Main.php(11): CodeIgniter\Database\BaseConnection->query('SELECT * FORM e...')
#4 C:\wamp64\www\projectCodeingniter4\system\CodeIgniter.php(832): App\Controllers\Main->index()
#5 C:\wamp64\www\projectCodeingniter4\system\CodeIgniter.php(419): CodeIgniter\CodeIgniter->runController(Object(App\Controllers\Main))
#6 C:\wamp64\www\projectCodeingniter4\system\CodeIgniter.php(326): CodeIgniter\CodeIgniter->handleRequest(NULL, Object(Config\Cache), false)
#7 C:\wamp64\www\projectCodeingniter4\public\index.php(37): CodeIgniter\CodeIgniter->run()
#8 {main}
ERROR - 2022-04-15 13:10:00 --> You have an error in your SQL syntax; check the manual that corresponds to your MySQL server version for the right syntax to use near 'FORM events' at line 1
CRITICAL - 2022-04-15 13:10:00 --> You have an error in your SQL syntax; check the manual that corresponds to your MySQL server version for the right syntax to use near 'FORM events' at line 1
#0 C:\wamp64\www\projectCodeingniter4\system\Database\MySQLi\Connection.php(292): mysqli->query('SELECT * FORM e...', 0)
#1 C:\wamp64\www\projectCodeingniter4\system\Database\BaseConnection.php(670): CodeIgniter\Database\MySQLi\Connection->execute('SELECT * FORM e...')
#2 C:\wamp64\www\projectCodeingniter4\system\Database\BaseConnection.php(598): CodeIgniter\Database\BaseConnection->simpleQuery('SELECT * FORM e...')
#3 C:\wamp64\www\projectCodeingniter4\app\Controllers\Main.php(12): CodeIgniter\Database\BaseConnection->query('SELECT * FORM e...')
#4 C:\wamp64\www\projectCodeingniter4\system\CodeIgniter.php(832): App\Controllers\Main->index()
#5 C:\wamp64\www\projectCodeingniter4\system\CodeIgniter.php(419): CodeIgniter\CodeIgniter->runController(Object(App\Controllers\Main))
#6 C:\wamp64\www\projectCodeingniter4\system\CodeIgniter.php(326): CodeIgniter\CodeIgniter->handleRequest(NULL, Object(Config\Cache), false)
#7 C:\wamp64\www\projectCodeingniter4\public\index.php(37): CodeIgniter\CodeIgniter->run()
#8 {main}
ERROR - 2022-04-15 13:12:26 --> You have an error in your SQL syntax; check the manual that corresponds to your MySQL server version for the right syntax to use near 'FORM cliente' at line 1
CRITICAL - 2022-04-15 13:12:26 --> You have an error in your SQL syntax; check the manual that corresponds to your MySQL server version for the right syntax to use near 'FORM cliente' at line 1
#0 C:\wamp64\www\projectCodeingniter4\system\Database\MySQLi\Connection.php(292): mysqli->query('SELECT * FORM c...', 0)
#1 C:\wamp64\www\projectCodeingniter4\system\Database\BaseConnection.php(670): CodeIgniter\Database\MySQLi\Connection->execute('SELECT * FORM c...')
#2 C:\wamp64\www\projectCodeingniter4\system\Database\BaseConnection.php(598): CodeIgniter\Database\BaseConnection->simpleQuery('SELECT * FORM c...')
#3 C:\wamp64\www\projectCodeingniter4\app\Controllers\Main.php(12): CodeIgniter\Database\BaseConnection->query('SELECT * FORM c...')
#4 C:\wamp64\www\projectCodeingniter4\system\CodeIgniter.php(832): App\Controllers\Main->index()
#5 C:\wamp64\www\projectCodeingniter4\system\CodeIgniter.php(419): CodeIgniter\CodeIgniter->runController(Object(App\Controllers\Main))
#6 C:\wamp64\www\projectCodeingniter4\system\CodeIgniter.php(326): CodeIgniter\CodeIgniter->handleRequest(NULL, Object(Config\Cache), false)
#7 C:\wamp64\www\projectCodeingniter4\public\index.php(37): CodeIgniter\CodeIgniter->run()
#8 {main}
CRITICAL - 2022-04-15 13:12:47 --> Class 'CodeIgniter\Database\MySQL\Connection' not found
#0 C:\wamp64\www\projectCodeingniter4\system\Database\Database.php(56): CodeIgniter\Database\Database->initDriver('MySQL', 'CodeIgniter\\Dat...', Array)
#1 C:\wamp64\www\projectCodeingniter4\system\Database\Config.php(78): CodeIgniter\Database\Database->load(Array, 'default')
#2 C:\wamp64\www\projectCodeingniter4\app\Controllers\Main.php(11): CodeIgniter\Database\Config::connect()
#3 C:\wamp64\www\projectCodeingniter4\system\CodeIgniter.php(832): App\Controllers\Main->index()
#4 C:\wamp64\www\projectCodeingniter4\system\CodeIgniter.php(419): CodeIgniter\CodeIgniter->runController(Object(App\Controllers\Main))
#5 C:\wamp64\www\projectCodeingniter4\system\CodeIgniter.php(326): CodeIgniter\CodeIgniter->handleRequest(NULL, Object(Config\Cache), false)
#6 C:\wamp64\www\projectCodeingniter4\public\index.php(37): CodeIgniter\CodeIgniter->run()
#7 {main}
ERROR - 2022-04-15 13:13:02 --> You have an error in your SQL syntax; check the manual that corresponds to your MySQL server version for the right syntax to use near 'FORM cliente' at line 1
CRITICAL - 2022-04-15 13:13:02 --> You have an error in your SQL syntax; check the manual that corresponds to your MySQL server version for the right syntax to use near 'FORM cliente' at line 1
#0 C:\wamp64\www\projectCodeingniter4\system\Database\MySQLi\Connection.php(292): mysqli->query('SELECT * FORM c...', 0)
#1 C:\wamp64\www\projectCodeingniter4\system\Database\BaseConnection.php(670): CodeIgniter\Database\MySQLi\Connection->execute('SELECT * FORM c...')
#2 C:\wamp64\www\projectCodeingniter4\system\Database\BaseConnection.php(598): CodeIgniter\Database\BaseConnection->simpleQuery('SELECT * FORM c...')
#3 C:\wamp64\www\projectCodeingniter4\app\Controllers\Main.php(12): CodeIgniter\Database\BaseConnection->query('SELECT * FORM c...')
#4 C:\wamp64\www\projectCodeingniter4\system\CodeIgniter.php(832): App\Controllers\Main->index()
#5 C:\wamp64\www\projectCodeingniter4\system\CodeIgniter.php(419): CodeIgniter\CodeIgniter->runController(Object(App\Controllers\Main))
#6 C:\wamp64\www\projectCodeingniter4\system\CodeIgniter.php(326): CodeIgniter\CodeIgniter->handleRequest(NULL, Object(Config\Cache), false)
#7 C:\wamp64\www\projectCodeingniter4\public\index.php(37): CodeIgniter\CodeIgniter->run()
#8 {main}
ERROR - 2022-04-15 13:14:20 --> You have an error in your SQL syntax; check the manual that corresponds to your MySQL server version for the right syntax to use near 'FORM cliente' at line 1
CRITICAL - 2022-04-15 13:14:20 --> You have an error in your SQL syntax; check the manual that corresponds to your MySQL server version for the right syntax to use near 'FORM cliente' at line 1
#0 C:\wamp64\www\projectCodeingniter4\system\Database\MySQLi\Connection.php(292): mysqli->query('SELECT * FORM c...', 0)
#1 C:\wamp64\www\projectCodeingniter4\system\Database\BaseConnection.php(670): CodeIgniter\Database\MySQLi\Connection->execute('SELECT * FORM c...')
#2 C:\wamp64\www\projectCodeingniter4\system\Database\BaseConnection.php(598): CodeIgniter\Database\BaseConnection->simpleQuery('SELECT * FORM c...')
#3 C:\wamp64\www\projectCodeingniter4\app\Controllers\Main.php(12): CodeIgniter\Database\BaseConnection->query('SELECT * FORM c...')
#4 C:\wamp64\www\projectCodeingniter4\system\CodeIgniter.php(832): App\Controllers\Main->index()
#5 C:\wamp64\www\projectCodeingniter4\system\CodeIgniter.php(419): CodeIgniter\CodeIgniter->runController(Object(App\Controllers\Main))
#6 C:\wamp64\www\projectCodeingniter4\system\CodeIgniter.php(326): CodeIgniter\CodeIgniter->handleRequest(NULL, Object(Config\Cache), false)
#7 C:\wamp64\www\projectCodeingniter4\public\index.php(37): CodeIgniter\CodeIgniter->run()
#8 {main}
ERROR - 2022-04-15 13:14:21 --> You have an error in your SQL syntax; check the manual that corresponds to your MySQL server version for the right syntax to use near 'FORM cliente' at line 1
CRITICAL - 2022-04-15 13:14:21 --> You have an error in your SQL syntax; check the manual that corresponds to your MySQL server version for the right syntax to use near 'FORM cliente' at line 1
#0 C:\wamp64\www\projectCodeingniter4\system\Database\MySQLi\Connection.php(292): mysqli->query('SELECT * FORM c...', 0)
#1 C:\wamp64\www\projectCodeingniter4\system\Database\BaseConnection.php(670): CodeIgniter\Database\MySQLi\Connection->execute('SELECT * FORM c...')
#2 C:\wamp64\www\projectCodeingniter4\system\Database\BaseConnection.php(598): CodeIgniter\Database\BaseConnection->simpleQuery('SELECT * FORM c...')
#3 C:\wamp64\www\projectCodeingniter4\app\Controllers\Main.php(12): CodeIgniter\Database\BaseConnection->query('SELECT * FORM c...')
#4 C:\wamp64\www\projectCodeingniter4\system\CodeIgniter.php(832): App\Controllers\Main->index()
#5 C:\wamp64\www\projectCodeingniter4\system\CodeIgniter.php(419): CodeIgniter\CodeIgniter->runController(Object(App\Controllers\Main))
#6 C:\wamp64\www\projectCodeingniter4\system\CodeIgniter.php(326): CodeIgniter\CodeIgniter->handleRequest(NULL, Object(Config\Cache), false)
#7 C:\wamp64\www\projectCodeingniter4\public\index.php(37): CodeIgniter\CodeIgniter->run()
#8 {main}
